


ARM Macro Assembler    Page 1 


    1 00000000         ;/******************************************************
                       ***********************/
    2 00000000         ;/* LPC2300.S: Startup file for Philips LPC2300/LPC2400 
                       device series         */
    3 00000000         ;/******************************************************
                       ***********************/
    4 00000000         ;/* <<< Use Configuration Wizard in Context Menu >>>    
                                             */
    5 00000000         ;/******************************************************
                       ***********************/
    6 00000000         ;/* This file is part of the uVision/ARM development too
                       ls.                   */
    7 00000000         ;/* Copyright (c) 2007 Keil - An ARM Company. All rights
                        reserved.            */
    8 00000000         ;/* This software may only be used under the terms of a 
                       valid, current,       */
    9 00000000         ;/* end user licence from KEIL for a compatible version 
                       of KEIL software      */
   10 00000000         ;/* development tools. Nothing else gives you the right 
                       to use this software. */
   11 00000000         ;/******************************************************
                       ***********************/
   12 00000000         
   13 00000000         
   14 00000000         ;/*
   15 00000000         ; *  The LPC2300.S code is executed after CPU Reset. Thi
                       s file may be 
   16 00000000         ; *  translated with the following SET symbols. In uVisi
                       on these SET 
   17 00000000         ; *  symbols are entered under Options - ASM - Define.
   18 00000000         ; *
   19 00000000         ; *  REMAP: when set the startup code initializes the re
                       gister MEMMAP 
   20 00000000         ; *  which overwrites the settings of the CPU configurat
                       ion pins. The 
   21 00000000         ; *  startup and interrupt vectors are remapped from:
   22 00000000         ; *     0x00000000  default setting (not remapped)
   23 00000000         ; *     0x40000000  when RAM_MODE is used
   24 00000000         ; *
   25 00000000         ; *  RAM_MODE: when set the device is configured for cod
                       e execution
   26 00000000         ; *  from on-chip RAM starting at address 0x40000000. 
   27 00000000         ; */
   28 00000000         
   29 00000000         
   30 00000000         ; Standard definitions of Mode bits and Interrupt (I & F
                       ) flags in PSRs
   31 00000000         
   32 00000000 00000010 
                       Mode_USR
                               EQU              0x10
   33 00000000 00000011 
                       Mode_FIQ
                               EQU              0x11
   34 00000000 00000012 
                       Mode_IRQ
                               EQU              0x12
   35 00000000 00000013 
                       Mode_SVC



ARM Macro Assembler    Page 2 


                               EQU              0x13
   36 00000000 00000017 
                       Mode_ABT
                               EQU              0x17
   37 00000000 0000001B 
                       Mode_UND
                               EQU              0x1B
   38 00000000 0000001F 
                       Mode_SYS
                               EQU              0x1F
   39 00000000         
   40 00000000 00000080 
                       I_Bit   EQU              0x80        ; when I bit is set
                                                            , IRQ is disabled
   41 00000000 00000040 
                       F_Bit   EQU              0x40        ; when F bit is set
                                                            , FIQ is disabled
   42 00000000         
   43 00000000         
   44 00000000         ;// <h> Stack Configuration (Stack Sizes in Bytes)
   45 00000000         ;//   <o0> Undefined Mode      <0x0-0xFFFFFFFF:8>
   46 00000000         ;//   <o1> Supervisor Mode     <0x0-0xFFFFFFFF:8>
   47 00000000         ;//   <o2> Abort Mode          <0x0-0xFFFFFFFF:8>
   48 00000000         ;//   <o3> Fast Interrupt Mode <0x0-0xFFFFFFFF:8>
   49 00000000         ;//   <o4> Interrupt Mode      <0x0-0xFFFFFFFF:8>
   50 00000000         ;//   <o5> User/System Mode    <0x0-0xFFFFFFFF:8>
   51 00000000         ;// </h>
   52 00000000         
   53 00000000 00000000 
                       UND_Stack_Size
                               EQU              0x00000000
   54 00000000 00000008 
                       SVC_Stack_Size
                               EQU              0x00000008
   55 00000000 00000000 
                       ABT_Stack_Size
                               EQU              0x00000000
   56 00000000 00000000 
                       FIQ_Stack_Size
                               EQU              0x00000000
   57 00000000 00000100 
                       IRQ_Stack_Size
                               EQU              0x00000100
   58 00000000 00000400 
                       USR_Stack_Size
                               EQU              0x00000400
   59 00000000         
   61 00000000 00000108 
                       ISR_Stack_Size
                               EQU              (UND_Stack_Size + SVC_Stack_Siz
e + ABT_Stack_Size +                           FIQ_Stack_Size + IRQ_Stack_Size
)
   62 00000000         
   63 00000000                 AREA             STACK, NOINIT, READWRITE, ALIGN
=3
   64 00000000         
   65 00000000         Stack_Mem
                               SPACE            USR_Stack_Size
   66 00000400         __initial_sp



ARM Macro Assembler    Page 3 


                               SPACE            ISR_Stack_Size
   67 00000508         
   68 00000508         Stack_Top
   69 00000508         
   70 00000508         
   71 00000508         ;// <h> Heap Configuration
   72 00000508         ;//   <o>  Heap Size (in Bytes) <0x0-0xFFFFFFFF>
   73 00000508         ;// </h>
   74 00000508         
   75 00000508 00000800 
                       Heap_Size
                               EQU              0x00000800
   76 00000508         
   77 00000508                 AREA             HEAP, NOINIT, READWRITE, ALIGN=
3
   78 00000000         __heap_base
   79 00000000         Heap_Mem
                               SPACE            Heap_Size
   80 00000800         __heap_limit
   81 00000800         
   82 00000800         
   83 00000800         ; System Control Block (SCB) Module Definitions
   84 00000800 E01FC000 
                       SCB_BASE
                               EQU              0xE01FC000  ; SCB Base Address
   85 00000800 00000080 
                       PLLCON_OFS
                               EQU              0x80        ; PLL Control Offse
                                                            t
   86 00000800 00000084 
                       PLLCFG_OFS
                               EQU              0x84        ; PLL Configuration
                                                             Offset
   87 00000800 00000088 
                       PLLSTAT_OFS
                               EQU              0x88        ; PLL Status Offset
                                                            
   88 00000800 0000008C 
                       PLLFEED_OFS
                               EQU              0x8C        ; PLL Feed Offset
   89 00000800 00000104 
                       CCLKCFG_OFS
                               EQU              0x104       ; CPU Clock Divider
                                                             Reg Offset
   90 00000800 00000108 
                       USBCLKCFG_OFS
                               EQU              0x108       ; USB Clock Divider
                                                             Reg Offset
   91 00000800 0000010C 
                       CLKSRCSEL_OFS
                               EQU              0x10C       ; Clock Source Sele
                                                            ct Reg Offset
   92 00000800 000001A0 
                       SCS_OFS EQU              0x1A0       ; System Control an
                                                            d Status Reg Offset
                                                            
   93 00000800 000001A8 
                       PCLKSEL0_OFS
                               EQU              0x1A8       ; Peripheral Clock 



ARM Macro Assembler    Page 4 


                                                            Select Reg 0 Offset
                                                            
   94 00000800 000001AC 
                       PCLKSEL1_OFS
                               EQU              0x1AC       ; Peripheral Clock 
                                                            Select Reg 1 Offset
                                                            
   95 00000800         
   96 00000800         ; Constants
   97 00000800 00000010 
                       OSCRANGE
                               EQU              (1<<4)      ; Oscillator Range 
                                                            Select
   98 00000800 00000020 
                       OSCEN   EQU              (1<<5)      ; Main oscillator E
                                                            nable
   99 00000800 00000040 
                       OSCSTAT EQU              (1<<6)      ; Main Oscillator S
                                                            tatus
  100 00000800 00000001 
                       PLLCON_PLLE
                               EQU              (1<<0)      ; PLL Enable
  101 00000800 00000002 
                       PLLCON_PLLC
                               EQU              (1<<1)      ; PLL Connect
  102 00000800 00007FFF 
                       PLLSTAT_M
                               EQU              (0x7FFF<<0) ; PLL M Value
  103 00000800 00FF0000 
                       PLLSTAT_N
                               EQU              (0xFF<<16)  ; PLL N Value
  104 00000800 04000000 
                       PLLSTAT_PLOCK
                               EQU              (1<<26)     ; PLL Lock Status
  105 00000800         
  106 00000800         ;// <e> Clock Setup
  107 00000800         ;//   <h> System Controls and Status Register (SCS)
  108 00000800         ;//     <o1.4>    OSCRANGE: Main Oscillator Range Select
                       
  109 00000800         ;//                     <0=>  1 MHz to 20 MHz
  110 00000800         ;//                     <1=> 15 MHz to 24 MHz
  111 00000800         ;//     <e1.5>       OSCEN: Main Oscillator Enable
  112 00000800         ;//     </e>
  113 00000800         ;//   </h>
  114 00000800         ;//
  115 00000800         ;//   <h> Clock Source Select Register (CLKSRCSEL)
  116 00000800         ;//     <o2.0..1>   CLKSRC: PLL Clock Source Selection
  117 00000800         ;//                     <0=> Internal RC oscillator
  118 00000800         ;//                     <1=> Main oscillator
  119 00000800         ;//                     <2=> RTC oscillator
  120 00000800         ;//   </h>
  121 00000800         ;//
  122 00000800         ;//   <h> PLL Configuration Register (PLLCFG)
  123 00000800         ;//                     <i> PLL_clk = (2* M * PLL_clk_sr
                       c) / N
  124 00000800         ;//     <o3.0..14>    MSEL: PLL Multiplier Selection
  125 00000800         ;//                     <1-32768><#-1>
  126 00000800         ;//                     <i> M Value
  127 00000800         ;//     <o3.16..23>   NSEL: PLL Divider Selection



ARM Macro Assembler    Page 5 


  128 00000800         ;//                     <1-256><#-1>
  129 00000800         ;//                     <i> N Value
  130 00000800         ;//   </h>
  131 00000800         ;//
  132 00000800         ;//   <h> CPU Clock Configuration Register (CCLKCFG)
  133 00000800         ;//     <o4.0..7>  CCLKSEL: Divide Value for CPU Clock f
                       rom PLL
  134 00000800         ;//                     <2-256:2><#-1>
  135 00000800         ;//   </h>
  136 00000800         ;//
  137 00000800         ;//   <h> USB Clock Configuration Register (USBCLKCFG)
  138 00000800         ;//     <o5.0..3>   USBSEL: Divide Value for USB Clock f
                       rom PLL
  139 00000800         ;//                     <1-16><#-1>
  140 00000800         ;//   </h>
  141 00000800         ;//
  142 00000800         ;//   <h> Peripheral Clock Selection Register 0 (PCLKSEL
                       0)
  143 00000800         ;//     <o6.0..1>      PCLK_WDT: Peripheral Clock Select
                       ion for WDT
  144 00000800         ;//                     <0=> Pclk = Cclk / 4
  145 00000800         ;//                     <1=> Pclk = Cclk
  146 00000800         ;//                     <2=> Pclk = Cclk / 2
  147 00000800         ;//                     <3=> Pclk = Hclk / 8
  148 00000800         ;//     <o6.2..3>   PCLK_TIMER0: Peripheral Clock Select
                       ion for TIMER0
  149 00000800         ;//                     <0=> Pclk = Cclk / 4
  150 00000800         ;//                     <1=> Pclk = Cclk
  151 00000800         ;//                     <2=> Pclk = Cclk / 2
  152 00000800         ;//                     <3=> Pclk = Hclk / 8
  153 00000800         ;//     <o6.4..5>   PCLK_TIMER1: Peripheral Clock Select
                       ion for TIMER1
  154 00000800         ;//                     <0=> Pclk = Cclk / 4
  155 00000800         ;//                     <1=> Pclk = Cclk
  156 00000800         ;//                     <2=> Pclk = Cclk / 2
  157 00000800         ;//                     <3=> Pclk = Hclk / 8
  158 00000800         ;//     <o6.6..7>    PCLK_UART0: Peripheral Clock Select
                       ion for UART0
  159 00000800         ;//                     <0=> Pclk = Cclk / 4
  160 00000800         ;//                     <1=> Pclk = Cclk
  161 00000800         ;//                     <2=> Pclk = Cclk / 2
  162 00000800         ;//                     <3=> Pclk = Hclk / 8
  163 00000800         ;//     <o6.8..9>    PCLK_UART1: Peripheral Clock Select
                       ion for UART1
  164 00000800         ;//                     <0=> Pclk = Cclk / 4
  165 00000800         ;//                     <1=> Pclk = Cclk
  166 00000800         ;//                     <2=> Pclk = Cclk / 2
  167 00000800         ;//                     <3=> Pclk = Hclk / 8
  168 00000800         ;//     <o6.10..11>   PCLK_PWM0: Peripheral Clock Select
                       ion for PWM0
  169 00000800         ;//                     <0=> Pclk = Cclk / 4
  170 00000800         ;//                     <1=> Pclk = Cclk
  171 00000800         ;//                     <2=> Pclk = Cclk / 2
  172 00000800         ;//                     <3=> Pclk = Hclk / 8
  173 00000800         ;//     <o6.12..13>   PCLK_PWM1: Peripheral Clock Select
                       ion for PWM1
  174 00000800         ;//                     <0=> Pclk = Cclk / 4
  175 00000800         ;//                     <1=> Pclk = Cclk
  176 00000800         ;//                     <2=> Pclk = Cclk / 2



ARM Macro Assembler    Page 6 


  177 00000800         ;//                     <3=> Pclk = Hclk / 8
  178 00000800         ;//     <o6.14..15>   PCLK_I2C0: Peripheral Clock Select
                       ion for I2C0
  179 00000800         ;//                     <0=> Pclk = Cclk / 4
  180 00000800         ;//                     <1=> Pclk = Cclk
  181 00000800         ;//                     <2=> Pclk = Cclk / 2
  182 00000800         ;//                     <3=> Pclk = Hclk / 8
  183 00000800         ;//     <o6.16..17>    PCLK_SPI: Peripheral Clock Select
                       ion for SPI
  184 00000800         ;//                     <0=> Pclk = Cclk / 4
  185 00000800         ;//                     <1=> Pclk = Cclk
  186 00000800         ;//                     <2=> Pclk = Cclk / 2
  187 00000800         ;//                     <3=> Pclk = Hclk / 8
  188 00000800         ;//     <o6.18..19>    PCLK_RTC: Peripheral Clock Select
                       ion for RTC
  189 00000800         ;//                     <0=> Pclk = Cclk / 4
  190 00000800         ;//                     <1=> Pclk = Cclk
  191 00000800         ;//                     <2=> Pclk = Cclk / 2
  192 00000800         ;//                     <3=> Pclk = Hclk / 8
  193 00000800         ;//     <o6.20..21>   PCLK_SSP1: Peripheral Clock Select
                       ion for SSP1
  194 00000800         ;//                     <0=> Pclk = Cclk / 4
  195 00000800         ;//                     <1=> Pclk = Cclk
  196 00000800         ;//                     <2=> Pclk = Cclk / 2
  197 00000800         ;//                     <3=> Pclk = Hclk / 8
  198 00000800         ;//     <o6.22..23>    PCLK_DAC: Peripheral Clock Select
                       ion for DAC
  199 00000800         ;//                     <0=> Pclk = Cclk / 4
  200 00000800         ;//                     <1=> Pclk = Cclk
  201 00000800         ;//                     <2=> Pclk = Cclk / 2
  202 00000800         ;//                     <3=> Pclk = Hclk / 8
  203 00000800         ;//     <o6.24..25>    PCLK_ADC: Peripheral Clock Select
                       ion for ADC
  204 00000800         ;//                     <0=> Pclk = Cclk / 4
  205 00000800         ;//                     <1=> Pclk = Cclk
  206 00000800         ;//                     <2=> Pclk = Cclk / 2
  207 00000800         ;//                     <3=> Pclk = Hclk / 8
  208 00000800         ;//     <o6.26..27>   PCLK_CAN1: Peripheral Clock Select
                       ion for CAN1
  209 00000800         ;//                     <0=> Pclk = Cclk / 4
  210 00000800         ;//                     <1=> Pclk = Cclk
  211 00000800         ;//                     <2=> Pclk = Cclk / 2
  212 00000800         ;//                     <3=> Pclk = Hclk / 6
  213 00000800         ;//     <o6.28..29>   PCLK_CAN2: Peripheral Clock Select
                       ion for CAN2
  214 00000800         ;//                     <0=> Pclk = Cclk / 4
  215 00000800         ;//                     <1=> Pclk = Cclk
  216 00000800         ;//                     <2=> Pclk = Cclk / 2
  217 00000800         ;//                     <3=> Pclk = Hclk / 6
  218 00000800         ;//     <o6.30..31>    PCLK_ACF: Peripheral Clock Select
                       ion for ACF
  219 00000800         ;//                     <0=> Pclk = Cclk / 4
  220 00000800         ;//                     <1=> Pclk = Cclk
  221 00000800         ;//                     <2=> Pclk = Cclk / 2
  222 00000800         ;//                     <3=> Pclk = Hclk / 6
  223 00000800         ;//   </h>
  224 00000800         ;//
  225 00000800         ;//   <h> Peripheral Clock Selection Register 1 (PCLKSEL
                       1)



ARM Macro Assembler    Page 7 


  226 00000800         ;//     <o7.0..1>  PCLK_BAT_RAM: Peripheral Clock Select
                       ion for the Battery Supported RAM
  227 00000800         ;//                     <0=> Pclk = Cclk / 4
  228 00000800         ;//                     <1=> Pclk = Cclk
  229 00000800         ;//                     <2=> Pclk = Cclk / 2
  230 00000800         ;//                     <3=> Pclk = Hclk / 8
  231 00000800         ;//     <o7.2..3>     PCLK_GPIO: Peripheral Clock Select
                       ion for GPIOs
  232 00000800         ;//                     <0=> Pclk = Cclk / 4
  233 00000800         ;//                     <1=> Pclk = Cclk
  234 00000800         ;//                     <2=> Pclk = Cclk / 2
  235 00000800         ;//                     <3=> Pclk = Hclk / 8
  236 00000800         ;//     <o7.4..5>      PCLK_PCB: Peripheral Clock Select
                       ion for Pin Connect Block
  237 00000800         ;//                     <0=> Pclk = Cclk / 4
  238 00000800         ;//                     <1=> Pclk = Cclk
  239 00000800         ;//                     <2=> Pclk = Cclk / 2
  240 00000800         ;//                     <3=> Pclk = Hclk / 8
  241 00000800         ;//     <o7.6..7>     PCLK_I2C1: Peripheral Clock Select
                       ion for I2C1
  242 00000800         ;//                     <0=> Pclk = Cclk / 4
  243 00000800         ;//                     <1=> Pclk = Cclk
  244 00000800         ;//                     <2=> Pclk = Cclk / 2
  245 00000800         ;//                     <3=> Pclk = Hclk / 8
  246 00000800         ;//     <o7.10..11>   PCLK_SSP0: Peripheral Clock Select
                       ion for SSP0
  247 00000800         ;//                     <0=> Pclk = Cclk / 4
  248 00000800         ;//                     <1=> Pclk = Cclk
  249 00000800         ;//                     <2=> Pclk = Cclk / 2
  250 00000800         ;//                     <3=> Pclk = Hclk / 8
  251 00000800         ;//     <o7.12..13> PCLK_TIMER2: Peripheral Clock Select
                       ion for TIMER2
  252 00000800         ;//                     <0=> Pclk = Cclk / 4
  253 00000800         ;//                     <1=> Pclk = Cclk
  254 00000800         ;//                     <2=> Pclk = Cclk / 2
  255 00000800         ;//                     <3=> Pclk = Hclk / 8
  256 00000800         ;//     <o7.14..15> PCLK_TIMER3: Peripheral Clock Select
                       ion for TIMER3
  257 00000800         ;//                     <0=> Pclk = Cclk / 4
  258 00000800         ;//                     <1=> Pclk = Cclk
  259 00000800         ;//                     <2=> Pclk = Cclk / 2
  260 00000800         ;//                     <3=> Pclk = Hclk / 8
  261 00000800         ;//     <o7.16..17>  PCLK_UART2: Peripheral Clock Select
                       ion for UART2
  262 00000800         ;//                     <0=> Pclk = Cclk / 4
  263 00000800         ;//                     <1=> Pclk = Cclk
  264 00000800         ;//                     <2=> Pclk = Cclk / 2
  265 00000800         ;//                     <3=> Pclk = Hclk / 8
  266 00000800         ;//     <o7.18..19>  PCLK_UART3: Peripheral Clock Select
                       ion for UART3
  267 00000800         ;//                     <0=> Pclk = Cclk / 4
  268 00000800         ;//                     <1=> Pclk = Cclk
  269 00000800         ;//                     <2=> Pclk = Cclk / 2
  270 00000800         ;//                     <3=> Pclk = Hclk / 8
  271 00000800         ;//     <o7.20..21>   PCLK_I2C2: Peripheral Clock Select
                       ion for I2C2
  272 00000800         ;//                     <0=> Pclk = Cclk / 4
  273 00000800         ;//                     <1=> Pclk = Cclk
  274 00000800         ;//                     <2=> Pclk = Cclk / 2



ARM Macro Assembler    Page 8 


  275 00000800         ;//                     <3=> Pclk = Hclk / 8
  276 00000800         ;//     <o7.22..23>    PCLK_I2S: Peripheral Clock Select
                       ion for I2S
  277 00000800         ;//                     <0=> Pclk = Cclk / 4
  278 00000800         ;//                     <1=> Pclk = Cclk
  279 00000800         ;//                     <2=> Pclk = Cclk / 2
  280 00000800         ;//                     <3=> Pclk = Hclk / 8
  281 00000800         ;//     <o7.24..25>    PCLK_MCI: Peripheral Clock Select
                       ion for MCI
  282 00000800         ;//                     <0=> Pclk = Cclk / 4
  283 00000800         ;//                     <1=> Pclk = Cclk
  284 00000800         ;//                     <2=> Pclk = Cclk / 2
  285 00000800         ;//                     <3=> Pclk = Hclk / 8
  286 00000800         ;//     <o7.28..29> PCLK_SYSCON: Peripheral Clock Select
                       ion for System Control Block
  287 00000800         ;//                     <0=> Pclk = Cclk / 4
  288 00000800         ;//                     <1=> Pclk = Cclk
  289 00000800         ;//                     <2=> Pclk = Cclk / 2
  290 00000800         ;//                     <3=> Pclk = Hclk / 8
  291 00000800         ;//   </h>
  292 00000800         ;// </e>
  293 00000800 00000001 
                       CLOCK_SETUP
                               EQU              1
  294 00000800 00000020 
                       SCS_Val EQU              0x00000020
  295 00000800 00000001 
                       CLKSRCSEL_Val
                               EQU              0x00000001
  296 00000800 0000000B 
                       PLLCFG_Val
                               EQU              0x0000000B
  297 00000800 00000005 
                       CCLKCFG_Val
                               EQU              0x00000005
  298 00000800 00000005 
                       USBCLKCFG_Val
                               EQU              0x00000005
  299 00000800 00000000 
                       PCLKSEL0_Val
                               EQU              0x00000000
  300 00000800 00000000 
                       PCLKSEL1_Val
                               EQU              0x00000000
  301 00000800         
  302 00000800         
  303 00000800         ; Memory Accelerator Module (MAM) definitions
  304 00000800 E01FC000 
                       MAM_BASE
                               EQU              0xE01FC000  ; MAM Base Address
  305 00000800 00000000 
                       MAMCR_OFS
                               EQU              0x00        ; MAM Control Offse
                                                            t
  306 00000800 00000004 
                       MAMTIM_OFS
                               EQU              0x04        ; MAM Timing Offset
                                                            
  307 00000800         



ARM Macro Assembler    Page 9 


  308 00000800         ;// <e> MAM Setup
  309 00000800         ;//   <o1.0..1>   MAM Control
  310 00000800         ;//               <0=> Disabled
  311 00000800         ;//               <1=> Partially Enabled
  312 00000800         ;//               <2=> Fully Enabled
  313 00000800         ;//               <i> Mode
  314 00000800         ;//   <o2.0..2>   MAM Timing
  315 00000800         ;//               <0=> Reserved  <1=> 1   <2=> 2   <3=> 
                       3
  316 00000800         ;//               <4=> 4         <5=> 5   <6=> 6   <7=> 
                       7
  317 00000800         ;//               <i> Fetch Cycles
  318 00000800         ;// </e>
  319 00000800 00000001 
                       MAM_SETUP
                               EQU              1
  320 00000800 00000002 
                       MAMCR_Val
                               EQU              0x00000002
  321 00000800 00000004 
                       MAMTIM_Val
                               EQU              0x00000004
  322 00000800         
  323 00000800         
  324 00000800         ; Area Definition and Entry Point
  325 00000800         ;  Startup Code must be linked first at Address at which
                        it expects to run.
  326 00000800         
  327 00000800                 AREA             RESET, CODE, READONLY
  328 00000000                 ENTRY
  329 00000000                 ARM
  330 00000000                 IMPORT           T_SWI_Handler
  331 00000000         
  332 00000000         ; Exception Vectors
  333 00000000         ;  Mapped to Address 0.
  334 00000000         ;  Absolute addressing mode must be used.
  335 00000000         ;  Dummy Handlers are implemented as infinite loops whic
                       h can be modified.
  336 00000000         
  337 00000000 E59FF018 
                       Vectors LDR              PC, Reset_Addr
  338 00000004 E59FF018        LDR              PC, Undef_Addr
  339 00000008 E59FF018        LDR              PC, SWI_Addr
  340 0000000C E59FF018        LDR              PC, PAbt_Addr
  341 00000010 E59FF018        LDR              PC, DAbt_Addr
  342 00000014 E1A00000        NOP                          ; Reserved Vector 
  343 00000018         ;               LDR     PC, IRQ_Addr
  344 00000018 E51FF120        LDR              PC, [PC, #-0x0120] ; Vector fro
                                                            m VicVectAddr
  345 0000001C E59FF018        LDR              PC, FIQ_Addr
  346 00000020         
  347 00000020 00000000 
                       Reset_Addr
                               DCD              Reset_Handler
  348 00000024 00000000 
                       Undef_Addr
                               DCD              Undef_Handler
  349 00000028 00000000 
                       SWI_Addr



ARM Macro Assembler    Page 10 


                               DCD              SWI_Handler
  350 0000002C 00000000 
                       PAbt_Addr
                               DCD              PAbt_Handler
  351 00000030 00000000 
                       DAbt_Addr
                               DCD              DAbt_Handler
  352 00000034 00000000        DCD              0           ; Reserved Address 
                                                            
  353 00000038 00000000 
                       IRQ_Addr
                               DCD              IRQ_Handler
  354 0000003C 00000000 
                       FIQ_Addr
                               DCD              FIQ_Handler
  355 00000040         
  356 00000040 EAFFFFFE 
                       Undef_Handler
                               B                Undef_Handler
  357 00000044 EAFFFFFE 
                       SWI_Handler
                               B                T_SWI_Handler
  358 00000048 EAFFFFFE 
                       PAbt_Handler
                               B                PAbt_Handler
  359 0000004C EAFFFFFE 
                       DAbt_Handler
                               B                DAbt_Handler
  360 00000050 EAFFFFFE 
                       IRQ_Handler
                               B                IRQ_Handler
  361 00000054 EAFFFFFE 
                       FIQ_Handler
                               B                FIQ_Handler
  362 00000058         
  363 00000058         
  364 00000058         ; Reset Handler
  365 00000058         
  366 00000058                 EXPORT           Reset_Handler
  367 00000058         Reset_Handler
  368 00000058         
  369 00000058         
  370 00000058         ; Setup Clock
  371 00000058                 IF               CLOCK_SETUP != 0
  372 00000058 E59F0100        LDR              R0, =SCB_BASE
  373 0000005C E3A010AA        MOV              R1, #0xAA
  374 00000060 E3A02055        MOV              R2, #0x55
  375 00000064         
  376 00000064         ;  Configure and Enable PLL
  377 00000064 E3A03020        LDR              R3, =SCS_Val ; Enable main osci
                                                            llator
  378 00000068 E58031A0        STR              R3, [R0, #SCS_OFS]
  379 0000006C         
  380 0000006C                 IF               (SCS_Val:AND:OSCEN) != 0
  381 0000006C E59031A0 
                       OSC_Loop
                               LDR              R3, [R0, #SCS_OFS] ; Wait for m
                                                            ain osc stabilize
  382 00000070 E2133040        ANDS             R3, R3, #OSCSTAT



ARM Macro Assembler    Page 11 


  383 00000074 0AFFFFFC        BEQ              OSC_Loop
  384 00000078                 ENDIF
  385 00000078         
  386 00000078 E3A03001        LDR              R3, =CLKSRCSEL_Val ; Select PLL
                                                             source clock
  387 0000007C E580310C        STR              R3, [R0, #CLKSRCSEL_OFS]
  388 00000080 E3A0300B        LDR              R3, =PLLCFG_Val
  389 00000084 E5803084        STR              R3, [R0, #PLLCFG_OFS]
  390 00000088 E580108C        STR              R1, [R0, #PLLFEED_OFS]
  391 0000008C E580208C        STR              R2, [R0, #PLLFEED_OFS]
  392 00000090 E3A03001        MOV              R3, #PLLCON_PLLE
  393 00000094 E5803080        STR              R3, [R0, #PLLCON_OFS]
  394 00000098 E580108C        STR              R1, [R0, #PLLFEED_OFS]
  395 0000009C E580208C        STR              R2, [R0, #PLLFEED_OFS]
  396 000000A0         
  397 000000A0         ;  Wait until PLL Locked
  398 000000A0 E5903088 
                       PLL_Loop
                               LDR              R3, [R0, #PLLSTAT_OFS]
  399 000000A4 E2133301        ANDS             R3, R3, #PLLSTAT_PLOCK
  400 000000A8 0AFFFFFC        BEQ              PLL_Loop
  401 000000AC         
  402 000000AC E5903088 
                       M_N_Lock
                               LDR              R3, [R0, #PLLSTAT_OFS]
  403 000000B0 E59F40AC        LDR              R4, =(PLLSTAT_M:OR:PLLSTAT_N)
  404 000000B4 E0033004        AND              R3, R3, R4
  405 000000B8 E3A0400B        LDR              R4, =PLLCFG_Val
  406 000000BC E0333004        EORS             R3, R3, R4
  407 000000C0 1AFFFFF9        BNE              M_N_Lock
  408 000000C4         
  409 000000C4         ;  Setup CPU clock divider
  410 000000C4 E3A03005        MOV              R3, #CCLKCFG_Val
  411 000000C8 E5803104        STR              R3, [R0, #CCLKCFG_OFS]
  412 000000CC         
  413 000000CC         ;  Setup USB clock divider
  414 000000CC E3A03005        LDR              R3, =USBCLKCFG_Val
  415 000000D0 E5803108        STR              R3, [R0, #USBCLKCFG_OFS]
  416 000000D4         
  417 000000D4         ;  Setup Peripheral Clock
  418 000000D4 E3A03000        LDR              R3, =PCLKSEL0_Val
  419 000000D8 E58031A8        STR              R3, [R0, #PCLKSEL0_OFS]
  420 000000DC E3A03000        LDR              R3, =PCLKSEL1_Val
  421 000000E0 E58031AC        STR              R3, [R0, #PCLKSEL1_OFS]
  422 000000E4         
  423 000000E4         ;  Switch to PLL Clock
  424 000000E4 E3A03003        MOV              R3, #(PLLCON_PLLE:OR:PLLCON_PLL
C)
  425 000000E8 E5803080        STR              R3, [R0, #PLLCON_OFS]
  426 000000EC E580108C        STR              R1, [R0, #PLLFEED_OFS]
  427 000000F0 E580208C        STR              R2, [R0, #PLLFEED_OFS]
  428 000000F4                 ENDIF                        ; CLOCK_SETUP
  429 000000F4         
  430 000000F4         
  431 000000F4         ; Setup MAM
  432 000000F4                 IF               MAM_SETUP != 0
  433 000000F4 E59F0064        LDR              R0, =MAM_BASE
  434 000000F8 E3A01004        MOV              R1, #MAMTIM_Val
  435 000000FC E5801004        STR              R1, [R0, #MAMTIM_OFS]



ARM Macro Assembler    Page 12 


  436 00000100 E3A01002        MOV              R1, #MAMCR_Val
  437 00000104 E5801000        STR              R1, [R0, #MAMCR_OFS]
  438 00000108                 ENDIF                        ; MAM_SETUP
  439 00000108         
  440 00000108         
  441 00000108         ; Memory Mapping (when Interrupt Vectors are in RAM)
  442 00000108 E01FC040 
                       MEMMAP  EQU              0xE01FC040  ; Memory Mapping Co
                                                            ntrol
  443 00000108                 IF               :DEF:REMAP
  444 00000108 E59F0058        LDR              R0, =MEMMAP
  445 0000010C                 IF               :DEF:RAM_MODE
  446 0000010C E3A01002        MOV              R1, #2
  447 00000110                 ELSE
  449                          ENDIF
  450 00000110 E5801000        STR              R1, [R0]
  451 00000114                 ENDIF
  452 00000114         
  453 00000114         
  454 00000114         ; Initialise Interrupt System
  455 00000114         ;  ...
  456 00000114         
  457 00000114         
  458 00000114         ; Setup Stack for each mode
  459 00000114         
  460 00000114 E59F0050        LDR              R0, =Stack_Top
  461 00000118         
  462 00000118         ;  Enter Undefined Instruction Mode and set its Stack Po
                       inter
  463 00000118 E321F0DB        MSR              CPSR_c, #Mode_UND:OR:I_Bit:OR:F
_Bit
  464 0000011C E1A0D000        MOV              SP, R0
  465 00000120 E2400000        SUB              R0, R0, #UND_Stack_Size
  466 00000124         
  467 00000124         ;  Enter Abort Mode and set its Stack Pointer
  468 00000124 E321F0D7        MSR              CPSR_c, #Mode_ABT:OR:I_Bit:OR:F
_Bit
  469 00000128 E1A0D000        MOV              SP, R0
  470 0000012C E2400000        SUB              R0, R0, #ABT_Stack_Size
  471 00000130         
  472 00000130         ;  Enter FIQ Mode and set its Stack Pointer
  473 00000130 E321F0D1        MSR              CPSR_c, #Mode_FIQ:OR:I_Bit:OR:F
_Bit
  474 00000134 E1A0D000        MOV              SP, R0
  475 00000138 E2400000        SUB              R0, R0, #FIQ_Stack_Size
  476 0000013C         
  477 0000013C         ;  Enter IRQ Mode and set its Stack Pointer
  478 0000013C E321F0D2        MSR              CPSR_c, #Mode_IRQ:OR:I_Bit:OR:F
_Bit
  479 00000140 E1A0D000        MOV              SP, R0
  480 00000144 E2400C01        SUB              R0, R0, #IRQ_Stack_Size
  481 00000148         
  482 00000148         ;  Enter Supervisor Mode and set its Stack Pointer
  483 00000148 E321F0D3        MSR              CPSR_c, #Mode_SVC:OR:I_Bit:OR:F
_Bit
  484 0000014C E1A0D000        MOV              SP, R0
  485 00000150 E2400008        SUB              R0, R0, #SVC_Stack_Size
  486 00000154         
  487 00000154         ;  Enter User Mode and set its Stack Pointer



ARM Macro Assembler    Page 13 


  488 00000154 E321F010        MSR              CPSR_c, #Mode_USR
  489 00000158                 IF               :DEF:__MICROLIB
  490 00000158         
  491 00000158                 EXPORT           __initial_sp
  492 00000158         
  493 00000158                 ELSE
  498                          ENDIF
  499 00000158         
  500 00000158         
  501 00000158         ; Enter the C code
  502 00000158         
  503 00000158                 IMPORT           __main
  504 00000158         
  505 00000158         
  506 00000158 E59F0010        LDR              R0, =__main
  507 0000015C E12FFF10        BX               R0
  508 00000160         
  509 00000160         
  510 00000160                 IF               :DEF:__MICROLIB
  511 00000160         
  512 00000160                 EXPORT           __heap_base
  513 00000160                 EXPORT           __heap_limit
  514 00000160         
  515 00000160                 ELSE
  529                          ENDIF
  530 00000160         
  531 00000160         
  532 00000160                 END
              E01FC000 
              00FF7FFF 
              E01FC040 
              00000000 
              00000000 
Command Line: --debug --xref --diag_suppress=9931 --apcs=interwork --depend=.\o
bj\startup.d -o.\obj\startup.o -IC:\Keil_v5\ARM\RV31\INC -IC:\Keil_v5\ARM\CMSIS
\Include -IC:\Keil_v5\ARM\Inc\Philips --predefine="__MICROLIB SETA 1" --predefi
ne="REMAP SETL {TRUE}" --predefine="RAM_MODE SETL {TRUE}" --list=.\lst\startup.
lst ..\..\..\..\..\..\..\CPU_Platforms\ARM\ARM7\MCB2300\startup\startup.s



ARM Macro Assembler    Page 1 Alphabetic symbol ordering
Relocatable symbols

STACK 00000000

Symbol: STACK
   Definitions
      At line 63 in file ..\..\..\..\..\..\..\CPU_Platforms\ARM\ARM7\MCB2300\st
artup\startup.s
   Uses
      None
Comment: STACK unused
Stack_Mem 00000000

Symbol: Stack_Mem
   Definitions
      At line 65 in file ..\..\..\..\..\..\..\CPU_Platforms\ARM\ARM7\MCB2300\st
artup\startup.s
   Uses
      None
Comment: Stack_Mem unused
Stack_Top 00000508

Symbol: Stack_Top
   Definitions
      At line 68 in file ..\..\..\..\..\..\..\CPU_Platforms\ARM\ARM7\MCB2300\st
artup\startup.s
   Uses
      At line 460 in file ..\..\..\..\..\..\..\CPU_Platforms\ARM\ARM7\MCB2300\s
tartup\startup.s
Comment: Stack_Top used once
__initial_sp 00000400

Symbol: __initial_sp
   Definitions
      At line 66 in file ..\..\..\..\..\..\..\CPU_Platforms\ARM\ARM7\MCB2300\st
artup\startup.s
   Uses
      At line 491 in file ..\..\..\..\..\..\..\CPU_Platforms\ARM\ARM7\MCB2300\s
tartup\startup.s
Comment: __initial_sp used once
4 symbols



ARM Macro Assembler    Page 1 Alphabetic symbol ordering
Relocatable symbols

HEAP 00000000

Symbol: HEAP
   Definitions
      At line 77 in file ..\..\..\..\..\..\..\CPU_Platforms\ARM\ARM7\MCB2300\st
artup\startup.s
   Uses
      None
Comment: HEAP unused
Heap_Mem 00000000

Symbol: Heap_Mem
   Definitions
      At line 79 in file ..\..\..\..\..\..\..\CPU_Platforms\ARM\ARM7\MCB2300\st
artup\startup.s
   Uses
      None
Comment: Heap_Mem unused
__heap_base 00000000

Symbol: __heap_base
   Definitions
      At line 78 in file ..\..\..\..\..\..\..\CPU_Platforms\ARM\ARM7\MCB2300\st
artup\startup.s
   Uses
      At line 512 in file ..\..\..\..\..\..\..\CPU_Platforms\ARM\ARM7\MCB2300\s
tartup\startup.s
Comment: __heap_base used once
__heap_limit 00000800

Symbol: __heap_limit
   Definitions
      At line 80 in file ..\..\..\..\..\..\..\CPU_Platforms\ARM\ARM7\MCB2300\st
artup\startup.s
   Uses
      At line 513 in file ..\..\..\..\..\..\..\CPU_Platforms\ARM\ARM7\MCB2300\s
tartup\startup.s
Comment: __heap_limit used once
4 symbols



ARM Macro Assembler    Page 1 Alphabetic symbol ordering
Relocatable symbols

DAbt_Addr 00000030

Symbol: DAbt_Addr
   Definitions
      At line 351 in file ..\..\..\..\..\..\..\CPU_Platforms\ARM\ARM7\MCB2300\s
tartup\startup.s
   Uses
      At line 341 in file ..\..\..\..\..\..\..\CPU_Platforms\ARM\ARM7\MCB2300\s
tartup\startup.s
Comment: DAbt_Addr used once
DAbt_Handler 0000004C

Symbol: DAbt_Handler
   Definitions
      At line 359 in file ..\..\..\..\..\..\..\CPU_Platforms\ARM\ARM7\MCB2300\s
tartup\startup.s
   Uses
      At line 351 in file ..\..\..\..\..\..\..\CPU_Platforms\ARM\ARM7\MCB2300\s
tartup\startup.s
      At line 359 in file ..\..\..\..\..\..\..\CPU_Platforms\ARM\ARM7\MCB2300\s
tartup\startup.s

FIQ_Addr 0000003C

Symbol: FIQ_Addr
   Definitions
      At line 354 in file ..\..\..\..\..\..\..\CPU_Platforms\ARM\ARM7\MCB2300\s
tartup\startup.s
   Uses
      At line 345 in file ..\..\..\..\..\..\..\CPU_Platforms\ARM\ARM7\MCB2300\s
tartup\startup.s
Comment: FIQ_Addr used once
FIQ_Handler 00000054

Symbol: FIQ_Handler
   Definitions
      At line 361 in file ..\..\..\..\..\..\..\CPU_Platforms\ARM\ARM7\MCB2300\s
tartup\startup.s
   Uses
      At line 354 in file ..\..\..\..\..\..\..\CPU_Platforms\ARM\ARM7\MCB2300\s
tartup\startup.s
      At line 361 in file ..\..\..\..\..\..\..\CPU_Platforms\ARM\ARM7\MCB2300\s
tartup\startup.s

IRQ_Addr 00000038

Symbol: IRQ_Addr
   Definitions
      At line 353 in file ..\..\..\..\..\..\..\CPU_Platforms\ARM\ARM7\MCB2300\s
tartup\startup.s
   Uses
      None
Comment: IRQ_Addr unused
IRQ_Handler 00000050

Symbol: IRQ_Handler
   Definitions
      At line 360 in file ..\..\..\..\..\..\..\CPU_Platforms\ARM\ARM7\MCB2300\s
tartup\startup.s



ARM Macro Assembler    Page 2 Alphabetic symbol ordering
Relocatable symbols

   Uses
      At line 353 in file ..\..\..\..\..\..\..\CPU_Platforms\ARM\ARM7\MCB2300\s
tartup\startup.s
      At line 360 in file ..\..\..\..\..\..\..\CPU_Platforms\ARM\ARM7\MCB2300\s
tartup\startup.s

M_N_Lock 000000AC

Symbol: M_N_Lock
   Definitions
      At line 402 in file ..\..\..\..\..\..\..\CPU_Platforms\ARM\ARM7\MCB2300\s
tartup\startup.s
   Uses
      At line 407 in file ..\..\..\..\..\..\..\CPU_Platforms\ARM\ARM7\MCB2300\s
tartup\startup.s
Comment: M_N_Lock used once
OSC_Loop 0000006C

Symbol: OSC_Loop
   Definitions
      At line 381 in file ..\..\..\..\..\..\..\CPU_Platforms\ARM\ARM7\MCB2300\s
tartup\startup.s
   Uses
      At line 383 in file ..\..\..\..\..\..\..\CPU_Platforms\ARM\ARM7\MCB2300\s
tartup\startup.s
Comment: OSC_Loop used once
PAbt_Addr 0000002C

Symbol: PAbt_Addr
   Definitions
      At line 350 in file ..\..\..\..\..\..\..\CPU_Platforms\ARM\ARM7\MCB2300\s
tartup\startup.s
   Uses
      At line 340 in file ..\..\..\..\..\..\..\CPU_Platforms\ARM\ARM7\MCB2300\s
tartup\startup.s
Comment: PAbt_Addr used once
PAbt_Handler 00000048

Symbol: PAbt_Handler
   Definitions
      At line 358 in file ..\..\..\..\..\..\..\CPU_Platforms\ARM\ARM7\MCB2300\s
tartup\startup.s
   Uses
      At line 350 in file ..\..\..\..\..\..\..\CPU_Platforms\ARM\ARM7\MCB2300\s
tartup\startup.s
      At line 358 in file ..\..\..\..\..\..\..\CPU_Platforms\ARM\ARM7\MCB2300\s
tartup\startup.s

PLL_Loop 000000A0

Symbol: PLL_Loop
   Definitions
      At line 398 in file ..\..\..\..\..\..\..\CPU_Platforms\ARM\ARM7\MCB2300\s
tartup\startup.s
   Uses
      At line 400 in file ..\..\..\..\..\..\..\CPU_Platforms\ARM\ARM7\MCB2300\s
tartup\startup.s
Comment: PLL_Loop used once
RESET 00000000



ARM Macro Assembler    Page 3 Alphabetic symbol ordering
Relocatable symbols


Symbol: RESET
   Definitions
      At line 327 in file ..\..\..\..\..\..\..\CPU_Platforms\ARM\ARM7\MCB2300\s
tartup\startup.s
   Uses
      None
Comment: RESET unused
Reset_Addr 00000020

Symbol: Reset_Addr
   Definitions
      At line 347 in file ..\..\..\..\..\..\..\CPU_Platforms\ARM\ARM7\MCB2300\s
tartup\startup.s
   Uses
      At line 337 in file ..\..\..\..\..\..\..\CPU_Platforms\ARM\ARM7\MCB2300\s
tartup\startup.s
Comment: Reset_Addr used once
Reset_Handler 00000058

Symbol: Reset_Handler
   Definitions
      At line 367 in file ..\..\..\..\..\..\..\CPU_Platforms\ARM\ARM7\MCB2300\s
tartup\startup.s
   Uses
      At line 347 in file ..\..\..\..\..\..\..\CPU_Platforms\ARM\ARM7\MCB2300\s
tartup\startup.s
      At line 366 in file ..\..\..\..\..\..\..\CPU_Platforms\ARM\ARM7\MCB2300\s
tartup\startup.s

SWI_Addr 00000028

Symbol: SWI_Addr
   Definitions
      At line 349 in file ..\..\..\..\..\..\..\CPU_Platforms\ARM\ARM7\MCB2300\s
tartup\startup.s
   Uses
      At line 339 in file ..\..\..\..\..\..\..\CPU_Platforms\ARM\ARM7\MCB2300\s
tartup\startup.s
Comment: SWI_Addr used once
SWI_Handler 00000044

Symbol: SWI_Handler
   Definitions
      At line 357 in file ..\..\..\..\..\..\..\CPU_Platforms\ARM\ARM7\MCB2300\s
tartup\startup.s
   Uses
      At line 349 in file ..\..\..\..\..\..\..\CPU_Platforms\ARM\ARM7\MCB2300\s
tartup\startup.s
Comment: SWI_Handler used once
Undef_Addr 00000024

Symbol: Undef_Addr
   Definitions
      At line 348 in file ..\..\..\..\..\..\..\CPU_Platforms\ARM\ARM7\MCB2300\s
tartup\startup.s
   Uses
      At line 338 in file ..\..\..\..\..\..\..\CPU_Platforms\ARM\ARM7\MCB2300\s
tartup\startup.s



ARM Macro Assembler    Page 4 Alphabetic symbol ordering
Relocatable symbols

Comment: Undef_Addr used once
Undef_Handler 00000040

Symbol: Undef_Handler
   Definitions
      At line 356 in file ..\..\..\..\..\..\..\CPU_Platforms\ARM\ARM7\MCB2300\s
tartup\startup.s
   Uses
      At line 348 in file ..\..\..\..\..\..\..\CPU_Platforms\ARM\ARM7\MCB2300\s
tartup\startup.s
      At line 356 in file ..\..\..\..\..\..\..\CPU_Platforms\ARM\ARM7\MCB2300\s
tartup\startup.s

Vectors 00000000

Symbol: Vectors
   Definitions
      At line 337 in file ..\..\..\..\..\..\..\CPU_Platforms\ARM\ARM7\MCB2300\s
tartup\startup.s
   Uses
      None
Comment: Vectors unused
19 symbols



ARM Macro Assembler    Page 1 Alphabetic symbol ordering
Absolute symbols

ABT_Stack_Size 00000000

Symbol: ABT_Stack_Size
   Definitions
      At line 55 in file ..\..\..\..\..\..\..\CPU_Platforms\ARM\ARM7\MCB2300\st
artup\startup.s
   Uses
      At line 61 in file ..\..\..\..\..\..\..\CPU_Platforms\ARM\ARM7\MCB2300\st
artup\startup.s
      At line 470 in file ..\..\..\..\..\..\..\CPU_Platforms\ARM\ARM7\MCB2300\s
tartup\startup.s

CCLKCFG_OFS 00000104

Symbol: CCLKCFG_OFS
   Definitions
      At line 89 in file ..\..\..\..\..\..\..\CPU_Platforms\ARM\ARM7\MCB2300\st
artup\startup.s
   Uses
      At line 411 in file ..\..\..\..\..\..\..\CPU_Platforms\ARM\ARM7\MCB2300\s
tartup\startup.s
Comment: CCLKCFG_OFS used once
CCLKCFG_Val 00000005

Symbol: CCLKCFG_Val
   Definitions
      At line 297 in file ..\..\..\..\..\..\..\CPU_Platforms\ARM\ARM7\MCB2300\s
tartup\startup.s
   Uses
      At line 410 in file ..\..\..\..\..\..\..\CPU_Platforms\ARM\ARM7\MCB2300\s
tartup\startup.s
Comment: CCLKCFG_Val used once
CLKSRCSEL_OFS 0000010C

Symbol: CLKSRCSEL_OFS
   Definitions
      At line 91 in file ..\..\..\..\..\..\..\CPU_Platforms\ARM\ARM7\MCB2300\st
artup\startup.s
   Uses
      At line 387 in file ..\..\..\..\..\..\..\CPU_Platforms\ARM\ARM7\MCB2300\s
tartup\startup.s
Comment: CLKSRCSEL_OFS used once
CLKSRCSEL_Val 00000001

Symbol: CLKSRCSEL_Val
   Definitions
      At line 295 in file ..\..\..\..\..\..\..\CPU_Platforms\ARM\ARM7\MCB2300\s
tartup\startup.s
   Uses
      At line 386 in file ..\..\..\..\..\..\..\CPU_Platforms\ARM\ARM7\MCB2300\s
tartup\startup.s
Comment: CLKSRCSEL_Val used once
CLOCK_SETUP 00000001

Symbol: CLOCK_SETUP
   Definitions
      At line 293 in file ..\..\..\..\..\..\..\CPU_Platforms\ARM\ARM7\MCB2300\s
tartup\startup.s
   Uses



ARM Macro Assembler    Page 2 Alphabetic symbol ordering
Absolute symbols

      At line 371 in file ..\..\..\..\..\..\..\CPU_Platforms\ARM\ARM7\MCB2300\s
tartup\startup.s
Comment: CLOCK_SETUP used once
FIQ_Stack_Size 00000000

Symbol: FIQ_Stack_Size
   Definitions
      At line 56 in file ..\..\..\..\..\..\..\CPU_Platforms\ARM\ARM7\MCB2300\st
artup\startup.s
   Uses
      At line 61 in file ..\..\..\..\..\..\..\CPU_Platforms\ARM\ARM7\MCB2300\st
artup\startup.s
      At line 475 in file ..\..\..\..\..\..\..\CPU_Platforms\ARM\ARM7\MCB2300\s
tartup\startup.s

F_Bit 00000040

Symbol: F_Bit
   Definitions
      At line 41 in file ..\..\..\..\..\..\..\CPU_Platforms\ARM\ARM7\MCB2300\st
artup\startup.s
   Uses
      At line 463 in file ..\..\..\..\..\..\..\CPU_Platforms\ARM\ARM7\MCB2300\s
tartup\startup.s
      At line 468 in file ..\..\..\..\..\..\..\CPU_Platforms\ARM\ARM7\MCB2300\s
tartup\startup.s
      At line 473 in file ..\..\..\..\..\..\..\CPU_Platforms\ARM\ARM7\MCB2300\s
tartup\startup.s
      At line 478 in file ..\..\..\..\..\..\..\CPU_Platforms\ARM\ARM7\MCB2300\s
tartup\startup.s
      At line 483 in file ..\..\..\..\..\..\..\CPU_Platforms\ARM\ARM7\MCB2300\s
tartup\startup.s

Heap_Size 00000800

Symbol: Heap_Size
   Definitions
      At line 75 in file ..\..\..\..\..\..\..\CPU_Platforms\ARM\ARM7\MCB2300\st
artup\startup.s
   Uses
      At line 79 in file ..\..\..\..\..\..\..\CPU_Platforms\ARM\ARM7\MCB2300\st
artup\startup.s
Comment: Heap_Size used once
IRQ_Stack_Size 00000100

Symbol: IRQ_Stack_Size
   Definitions
      At line 57 in file ..\..\..\..\..\..\..\CPU_Platforms\ARM\ARM7\MCB2300\st
artup\startup.s
   Uses
      At line 61 in file ..\..\..\..\..\..\..\CPU_Platforms\ARM\ARM7\MCB2300\st
artup\startup.s
      At line 480 in file ..\..\..\..\..\..\..\CPU_Platforms\ARM\ARM7\MCB2300\s
tartup\startup.s

ISR_Stack_Size 00000108

Symbol: ISR_Stack_Size
   Definitions



ARM Macro Assembler    Page 3 Alphabetic symbol ordering
Absolute symbols

      At line 61 in file ..\..\..\..\..\..\..\CPU_Platforms\ARM\ARM7\MCB2300\st
artup\startup.s
   Uses
      At line 66 in file ..\..\..\..\..\..\..\CPU_Platforms\ARM\ARM7\MCB2300\st
artup\startup.s
Comment: ISR_Stack_Size used once
I_Bit 00000080

Symbol: I_Bit
   Definitions
      At line 40 in file ..\..\..\..\..\..\..\CPU_Platforms\ARM\ARM7\MCB2300\st
artup\startup.s
   Uses
      At line 463 in file ..\..\..\..\..\..\..\CPU_Platforms\ARM\ARM7\MCB2300\s
tartup\startup.s
      At line 468 in file ..\..\..\..\..\..\..\CPU_Platforms\ARM\ARM7\MCB2300\s
tartup\startup.s
      At line 473 in file ..\..\..\..\..\..\..\CPU_Platforms\ARM\ARM7\MCB2300\s
tartup\startup.s
      At line 478 in file ..\..\..\..\..\..\..\CPU_Platforms\ARM\ARM7\MCB2300\s
tartup\startup.s
      At line 483 in file ..\..\..\..\..\..\..\CPU_Platforms\ARM\ARM7\MCB2300\s
tartup\startup.s

MAMCR_OFS 00000000

Symbol: MAMCR_OFS
   Definitions
      At line 305 in file ..\..\..\..\..\..\..\CPU_Platforms\ARM\ARM7\MCB2300\s
tartup\startup.s
   Uses
      At line 437 in file ..\..\..\..\..\..\..\CPU_Platforms\ARM\ARM7\MCB2300\s
tartup\startup.s
Comment: MAMCR_OFS used once
MAMCR_Val 00000002

Symbol: MAMCR_Val
   Definitions
      At line 320 in file ..\..\..\..\..\..\..\CPU_Platforms\ARM\ARM7\MCB2300\s
tartup\startup.s
   Uses
      At line 436 in file ..\..\..\..\..\..\..\CPU_Platforms\ARM\ARM7\MCB2300\s
tartup\startup.s
Comment: MAMCR_Val used once
MAMTIM_OFS 00000004

Symbol: MAMTIM_OFS
   Definitions
      At line 306 in file ..\..\..\..\..\..\..\CPU_Platforms\ARM\ARM7\MCB2300\s
tartup\startup.s
   Uses
      At line 435 in file ..\..\..\..\..\..\..\CPU_Platforms\ARM\ARM7\MCB2300\s
tartup\startup.s
Comment: MAMTIM_OFS used once
MAMTIM_Val 00000004

Symbol: MAMTIM_Val
   Definitions
      At line 321 in file ..\..\..\..\..\..\..\CPU_Platforms\ARM\ARM7\MCB2300\s



ARM Macro Assembler    Page 4 Alphabetic symbol ordering
Absolute symbols

tartup\startup.s
   Uses
      At line 434 in file ..\..\..\..\..\..\..\CPU_Platforms\ARM\ARM7\MCB2300\s
tartup\startup.s
Comment: MAMTIM_Val used once
MAM_BASE E01FC000

Symbol: MAM_BASE
   Definitions
      At line 304 in file ..\..\..\..\..\..\..\CPU_Platforms\ARM\ARM7\MCB2300\s
tartup\startup.s
   Uses
      At line 433 in file ..\..\..\..\..\..\..\CPU_Platforms\ARM\ARM7\MCB2300\s
tartup\startup.s
Comment: MAM_BASE used once
MAM_SETUP 00000001

Symbol: MAM_SETUP
   Definitions
      At line 319 in file ..\..\..\..\..\..\..\CPU_Platforms\ARM\ARM7\MCB2300\s
tartup\startup.s
   Uses
      At line 432 in file ..\..\..\..\..\..\..\CPU_Platforms\ARM\ARM7\MCB2300\s
tartup\startup.s
Comment: MAM_SETUP used once
MEMMAP E01FC040

Symbol: MEMMAP
   Definitions
      At line 442 in file ..\..\..\..\..\..\..\CPU_Platforms\ARM\ARM7\MCB2300\s
tartup\startup.s
   Uses
      At line 444 in file ..\..\..\..\..\..\..\CPU_Platforms\ARM\ARM7\MCB2300\s
tartup\startup.s
Comment: MEMMAP used once
Mode_ABT 00000017

Symbol: Mode_ABT
   Definitions
      At line 36 in file ..\..\..\..\..\..\..\CPU_Platforms\ARM\ARM7\MCB2300\st
artup\startup.s
   Uses
      At line 468 in file ..\..\..\..\..\..\..\CPU_Platforms\ARM\ARM7\MCB2300\s
tartup\startup.s
Comment: Mode_ABT used once
Mode_FIQ 00000011

Symbol: Mode_FIQ
   Definitions
      At line 33 in file ..\..\..\..\..\..\..\CPU_Platforms\ARM\ARM7\MCB2300\st
artup\startup.s
   Uses
      At line 473 in file ..\..\..\..\..\..\..\CPU_Platforms\ARM\ARM7\MCB2300\s
tartup\startup.s
Comment: Mode_FIQ used once
Mode_IRQ 00000012

Symbol: Mode_IRQ
   Definitions



ARM Macro Assembler    Page 5 Alphabetic symbol ordering
Absolute symbols

      At line 34 in file ..\..\..\..\..\..\..\CPU_Platforms\ARM\ARM7\MCB2300\st
artup\startup.s
   Uses
      At line 478 in file ..\..\..\..\..\..\..\CPU_Platforms\ARM\ARM7\MCB2300\s
tartup\startup.s
Comment: Mode_IRQ used once
Mode_SVC 00000013

Symbol: Mode_SVC
   Definitions
      At line 35 in file ..\..\..\..\..\..\..\CPU_Platforms\ARM\ARM7\MCB2300\st
artup\startup.s
   Uses
      At line 483 in file ..\..\..\..\..\..\..\CPU_Platforms\ARM\ARM7\MCB2300\s
tartup\startup.s
Comment: Mode_SVC used once
Mode_SYS 0000001F

Symbol: Mode_SYS
   Definitions
      At line 38 in file ..\..\..\..\..\..\..\CPU_Platforms\ARM\ARM7\MCB2300\st
artup\startup.s
   Uses
      None
Comment: Mode_SYS unused
Mode_UND 0000001B

Symbol: Mode_UND
   Definitions
      At line 37 in file ..\..\..\..\..\..\..\CPU_Platforms\ARM\ARM7\MCB2300\st
artup\startup.s
   Uses
      At line 463 in file ..\..\..\..\..\..\..\CPU_Platforms\ARM\ARM7\MCB2300\s
tartup\startup.s
Comment: Mode_UND used once
Mode_USR 00000010

Symbol: Mode_USR
   Definitions
      At line 32 in file ..\..\..\..\..\..\..\CPU_Platforms\ARM\ARM7\MCB2300\st
artup\startup.s
   Uses
      At line 488 in file ..\..\..\..\..\..\..\CPU_Platforms\ARM\ARM7\MCB2300\s
tartup\startup.s
Comment: Mode_USR used once
OSCEN 00000020

Symbol: OSCEN
   Definitions
      At line 98 in file ..\..\..\..\..\..\..\CPU_Platforms\ARM\ARM7\MCB2300\st
artup\startup.s
   Uses
      At line 380 in file ..\..\..\..\..\..\..\CPU_Platforms\ARM\ARM7\MCB2300\s
tartup\startup.s
Comment: OSCEN used once
OSCRANGE 00000010

Symbol: OSCRANGE
   Definitions



ARM Macro Assembler    Page 6 Alphabetic symbol ordering
Absolute symbols

      At line 97 in file ..\..\..\..\..\..\..\CPU_Platforms\ARM\ARM7\MCB2300\st
artup\startup.s
   Uses
      None
Comment: OSCRANGE unused
OSCSTAT 00000040

Symbol: OSCSTAT
   Definitions
      At line 99 in file ..\..\..\..\..\..\..\CPU_Platforms\ARM\ARM7\MCB2300\st
artup\startup.s
   Uses
      At line 382 in file ..\..\..\..\..\..\..\CPU_Platforms\ARM\ARM7\MCB2300\s
tartup\startup.s
Comment: OSCSTAT used once
PCLKSEL0_OFS 000001A8

Symbol: PCLKSEL0_OFS
   Definitions
      At line 93 in file ..\..\..\..\..\..\..\CPU_Platforms\ARM\ARM7\MCB2300\st
artup\startup.s
   Uses
      At line 419 in file ..\..\..\..\..\..\..\CPU_Platforms\ARM\ARM7\MCB2300\s
tartup\startup.s
Comment: PCLKSEL0_OFS used once
PCLKSEL0_Val 00000000

Symbol: PCLKSEL0_Val
   Definitions
      At line 299 in file ..\..\..\..\..\..\..\CPU_Platforms\ARM\ARM7\MCB2300\s
tartup\startup.s
   Uses
      At line 418 in file ..\..\..\..\..\..\..\CPU_Platforms\ARM\ARM7\MCB2300\s
tartup\startup.s
Comment: PCLKSEL0_Val used once
PCLKSEL1_OFS 000001AC

Symbol: PCLKSEL1_OFS
   Definitions
      At line 94 in file ..\..\..\..\..\..\..\CPU_Platforms\ARM\ARM7\MCB2300\st
artup\startup.s
   Uses
      At line 421 in file ..\..\..\..\..\..\..\CPU_Platforms\ARM\ARM7\MCB2300\s
tartup\startup.s
Comment: PCLKSEL1_OFS used once
PCLKSEL1_Val 00000000

Symbol: PCLKSEL1_Val
   Definitions
      At line 300 in file ..\..\..\..\..\..\..\CPU_Platforms\ARM\ARM7\MCB2300\s
tartup\startup.s
   Uses
      At line 420 in file ..\..\..\..\..\..\..\CPU_Platforms\ARM\ARM7\MCB2300\s
tartup\startup.s
Comment: PCLKSEL1_Val used once
PLLCFG_OFS 00000084

Symbol: PLLCFG_OFS
   Definitions



ARM Macro Assembler    Page 7 Alphabetic symbol ordering
Absolute symbols

      At line 86 in file ..\..\..\..\..\..\..\CPU_Platforms\ARM\ARM7\MCB2300\st
artup\startup.s
   Uses
      At line 389 in file ..\..\..\..\..\..\..\CPU_Platforms\ARM\ARM7\MCB2300\s
tartup\startup.s
Comment: PLLCFG_OFS used once
PLLCFG_Val 0000000B

Symbol: PLLCFG_Val
   Definitions
      At line 296 in file ..\..\..\..\..\..\..\CPU_Platforms\ARM\ARM7\MCB2300\s
tartup\startup.s
   Uses
      At line 388 in file ..\..\..\..\..\..\..\CPU_Platforms\ARM\ARM7\MCB2300\s
tartup\startup.s
      At line 405 in file ..\..\..\..\..\..\..\CPU_Platforms\ARM\ARM7\MCB2300\s
tartup\startup.s

PLLCON_OFS 00000080

Symbol: PLLCON_OFS
   Definitions
      At line 85 in file ..\..\..\..\..\..\..\CPU_Platforms\ARM\ARM7\MCB2300\st
artup\startup.s
   Uses
      At line 393 in file ..\..\..\..\..\..\..\CPU_Platforms\ARM\ARM7\MCB2300\s
tartup\startup.s
      At line 425 in file ..\..\..\..\..\..\..\CPU_Platforms\ARM\ARM7\MCB2300\s
tartup\startup.s

PLLCON_PLLC 00000002

Symbol: PLLCON_PLLC
   Definitions
      At line 101 in file ..\..\..\..\..\..\..\CPU_Platforms\ARM\ARM7\MCB2300\s
tartup\startup.s
   Uses
      At line 424 in file ..\..\..\..\..\..\..\CPU_Platforms\ARM\ARM7\MCB2300\s
tartup\startup.s
Comment: PLLCON_PLLC used once
PLLCON_PLLE 00000001

Symbol: PLLCON_PLLE
   Definitions
      At line 100 in file ..\..\..\..\..\..\..\CPU_Platforms\ARM\ARM7\MCB2300\s
tartup\startup.s
   Uses
      At line 392 in file ..\..\..\..\..\..\..\CPU_Platforms\ARM\ARM7\MCB2300\s
tartup\startup.s
      At line 424 in file ..\..\..\..\..\..\..\CPU_Platforms\ARM\ARM7\MCB2300\s
tartup\startup.s

PLLFEED_OFS 0000008C

Symbol: PLLFEED_OFS
   Definitions
      At line 88 in file ..\..\..\..\..\..\..\CPU_Platforms\ARM\ARM7\MCB2300\st
artup\startup.s
   Uses



ARM Macro Assembler    Page 8 Alphabetic symbol ordering
Absolute symbols

      At line 390 in file ..\..\..\..\..\..\..\CPU_Platforms\ARM\ARM7\MCB2300\s
tartup\startup.s
      At line 391 in file ..\..\..\..\..\..\..\CPU_Platforms\ARM\ARM7\MCB2300\s
tartup\startup.s
      At line 394 in file ..\..\..\..\..\..\..\CPU_Platforms\ARM\ARM7\MCB2300\s
tartup\startup.s
      At line 395 in file ..\..\..\..\..\..\..\CPU_Platforms\ARM\ARM7\MCB2300\s
tartup\startup.s
      At line 426 in file ..\..\..\..\..\..\..\CPU_Platforms\ARM\ARM7\MCB2300\s
tartup\startup.s
      At line 427 in file ..\..\..\..\..\..\..\CPU_Platforms\ARM\ARM7\MCB2300\s
tartup\startup.s

PLLSTAT_M 00007FFF

Symbol: PLLSTAT_M
   Definitions
      At line 102 in file ..\..\..\..\..\..\..\CPU_Platforms\ARM\ARM7\MCB2300\s
tartup\startup.s
   Uses
      At line 403 in file ..\..\..\..\..\..\..\CPU_Platforms\ARM\ARM7\MCB2300\s
tartup\startup.s
Comment: PLLSTAT_M used once
PLLSTAT_N 00FF0000

Symbol: PLLSTAT_N
   Definitions
      At line 103 in file ..\..\..\..\..\..\..\CPU_Platforms\ARM\ARM7\MCB2300\s
tartup\startup.s
   Uses
      At line 403 in file ..\..\..\..\..\..\..\CPU_Platforms\ARM\ARM7\MCB2300\s
tartup\startup.s
Comment: PLLSTAT_N used once
PLLSTAT_OFS 00000088

Symbol: PLLSTAT_OFS
   Definitions
      At line 87 in file ..\..\..\..\..\..\..\CPU_Platforms\ARM\ARM7\MCB2300\st
artup\startup.s
   Uses
      At line 398 in file ..\..\..\..\..\..\..\CPU_Platforms\ARM\ARM7\MCB2300\s
tartup\startup.s
      At line 402 in file ..\..\..\..\..\..\..\CPU_Platforms\ARM\ARM7\MCB2300\s
tartup\startup.s

PLLSTAT_PLOCK 04000000

Symbol: PLLSTAT_PLOCK
   Definitions
      At line 104 in file ..\..\..\..\..\..\..\CPU_Platforms\ARM\ARM7\MCB2300\s
tartup\startup.s
   Uses
      At line 399 in file ..\..\..\..\..\..\..\CPU_Platforms\ARM\ARM7\MCB2300\s
tartup\startup.s
Comment: PLLSTAT_PLOCK used once
SCB_BASE E01FC000

Symbol: SCB_BASE
   Definitions



ARM Macro Assembler    Page 9 Alphabetic symbol ordering
Absolute symbols

      At line 84 in file ..\..\..\..\..\..\..\CPU_Platforms\ARM\ARM7\MCB2300\st
artup\startup.s
   Uses
      At line 372 in file ..\..\..\..\..\..\..\CPU_Platforms\ARM\ARM7\MCB2300\s
tartup\startup.s
Comment: SCB_BASE used once
SCS_OFS 000001A0

Symbol: SCS_OFS
   Definitions
      At line 92 in file ..\..\..\..\..\..\..\CPU_Platforms\ARM\ARM7\MCB2300\st
artup\startup.s
   Uses
      At line 378 in file ..\..\..\..\..\..\..\CPU_Platforms\ARM\ARM7\MCB2300\s
tartup\startup.s
      At line 381 in file ..\..\..\..\..\..\..\CPU_Platforms\ARM\ARM7\MCB2300\s
tartup\startup.s

SCS_Val 00000020

Symbol: SCS_Val
   Definitions
      At line 294 in file ..\..\..\..\..\..\..\CPU_Platforms\ARM\ARM7\MCB2300\s
tartup\startup.s
   Uses
      At line 377 in file ..\..\..\..\..\..\..\CPU_Platforms\ARM\ARM7\MCB2300\s
tartup\startup.s
      At line 380 in file ..\..\..\..\..\..\..\CPU_Platforms\ARM\ARM7\MCB2300\s
tartup\startup.s

SVC_Stack_Size 00000008

Symbol: SVC_Stack_Size
   Definitions
      At line 54 in file ..\..\..\..\..\..\..\CPU_Platforms\ARM\ARM7\MCB2300\st
artup\startup.s
   Uses
      At line 61 in file ..\..\..\..\..\..\..\CPU_Platforms\ARM\ARM7\MCB2300\st
artup\startup.s
      At line 485 in file ..\..\..\..\..\..\..\CPU_Platforms\ARM\ARM7\MCB2300\s
tartup\startup.s

UND_Stack_Size 00000000

Symbol: UND_Stack_Size
   Definitions
      At line 53 in file ..\..\..\..\..\..\..\CPU_Platforms\ARM\ARM7\MCB2300\st
artup\startup.s
   Uses
      At line 61 in file ..\..\..\..\..\..\..\CPU_Platforms\ARM\ARM7\MCB2300\st
artup\startup.s
      At line 465 in file ..\..\..\..\..\..\..\CPU_Platforms\ARM\ARM7\MCB2300\s
tartup\startup.s

USBCLKCFG_OFS 00000108

Symbol: USBCLKCFG_OFS
   Definitions
      At line 90 in file ..\..\..\..\..\..\..\CPU_Platforms\ARM\ARM7\MCB2300\st



ARM Macro Assembler    Page 10 Alphabetic symbol ordering
Absolute symbols

artup\startup.s
   Uses
      At line 415 in file ..\..\..\..\..\..\..\CPU_Platforms\ARM\ARM7\MCB2300\s
tartup\startup.s
Comment: USBCLKCFG_OFS used once
USBCLKCFG_Val 00000005

Symbol: USBCLKCFG_Val
   Definitions
      At line 298 in file ..\..\..\..\..\..\..\CPU_Platforms\ARM\ARM7\MCB2300\s
tartup\startup.s
   Uses
      At line 414 in file ..\..\..\..\..\..\..\CPU_Platforms\ARM\ARM7\MCB2300\s
tartup\startup.s
Comment: USBCLKCFG_Val used once
USR_Stack_Size 00000400

Symbol: USR_Stack_Size
   Definitions
      At line 58 in file ..\..\..\..\..\..\..\CPU_Platforms\ARM\ARM7\MCB2300\st
artup\startup.s
   Uses
      At line 65 in file ..\..\..\..\..\..\..\CPU_Platforms\ARM\ARM7\MCB2300\st
artup\startup.s
Comment: USR_Stack_Size used once
51 symbols



ARM Macro Assembler    Page 1 Alphabetic symbol ordering
External symbols

T_SWI_Handler 00000000

Symbol: T_SWI_Handler
   Definitions
      At line 330 in file ..\..\..\..\..\..\..\CPU_Platforms\ARM\ARM7\MCB2300\s
tartup\startup.s
   Uses
      At line 357 in file ..\..\..\..\..\..\..\CPU_Platforms\ARM\ARM7\MCB2300\s
tartup\startup.s
Comment: T_SWI_Handler used once
__main 00000000

Symbol: __main
   Definitions
      At line 503 in file ..\..\..\..\..\..\..\CPU_Platforms\ARM\ARM7\MCB2300\s
tartup\startup.s
   Uses
      At line 506 in file ..\..\..\..\..\..\..\CPU_Platforms\ARM\ARM7\MCB2300\s
tartup\startup.s
Comment: __main used once
2 symbols
415 symbols in table
